<?xml version="1.0" encoding="UTF-8"?>
<coverage generated="1770758873496" clover="3.2.0">
  <project timestamp="1770758873496" name="All files">
    <metrics statements="45" coveredstatements="41" conditionals="9" coveredconditionals="6" methods="9" coveredmethods="8" elements="63" coveredelements="55" complexity="0" loc="45" ncloc="45" packages="1" files="2" classes="2"/>
    <file name="keygen.js" path="/Users/kevin/Desktop/UNT Fall 2025 - Spring 2026/UNT Spring 2026/CSCE 3550 - Foundations in Cybersecurity/3550_project_1_rehash/keygen.js">
      <metrics statements="17" coveredstatements="17" conditionals="3" coveredconditionals="2" methods="5" coveredmethods="5"/>
      <line num="1" count="1" type="stmt"/>
      <line num="2" count="1" type="stmt"/>
      <line num="5" count="2" type="stmt"/>
      <line num="9" count="2" type="stmt"/>
      <line num="14" count="2" type="cond" truecount="2" falsecount="0"/>
      <line num="15" count="1" type="stmt"/>
      <line num="17" count="1" type="stmt"/>
      <line num="20" count="2" type="stmt"/>
      <line num="27" count="2" type="stmt"/>
      <line num="29" count="2" type="stmt"/>
      <line num="32" count="1" type="stmt"/>
      <line num="33" count="1" type="stmt"/>
      <line num="36" count="2" type="stmt"/>
      <line num="37" count="4" type="stmt"/>
      <line num="40" count="1" type="stmt"/>
      <line num="41" count="2" type="stmt"/>
      <line num="44" count="1" type="stmt"/>
    </file>
    <file name="server.js" path="/Users/kevin/Desktop/UNT Fall 2025 - Spring 2026/UNT Spring 2026/CSCE 3550 - Foundations in Cybersecurity/3550_project_1_rehash/server.js">
      <metrics statements="28" coveredstatements="24" conditionals="6" coveredconditionals="4" methods="4" coveredmethods="3"/>
      <line num="1" count="1" type="stmt"/>
      <line num="2" count="1" type="stmt"/>
      <line num="3" count="1" type="stmt"/>
      <line num="5" count="1" type="stmt"/>
      <line num="6" count="1" type="stmt"/>
      <line num="8" count="1" type="stmt"/>
      <line num="10" count="1" type="stmt"/>
      <line num="12" count="1" type="stmt"/>
      <line num="14" count="1" type="stmt"/>
      <line num="17" count="1" type="stmt"/>
      <line num="19" count="1" type="stmt"/>
      <line num="30" count="1" type="stmt"/>
      <line num="34" count="1" type="stmt"/>
      <line num="35" count="2" type="stmt"/>
      <line num="38" count="2" type="cond" truecount="2" falsecount="0"/>
      <line num="39" count="1" type="stmt"/>
      <line num="41" count="1" type="stmt"/>
      <line num="43" count="2" type="stmt"/>
      <line num="44" count="2" type="cond" truecount="1" falsecount="1"/>
      <line num="45" count="0" type="stmt"/>
      <line num="48" count="2" type="stmt"/>
      <line num="54" count="2" type="stmt"/>
      <line num="58" count="2" type="stmt"/>
      <line num="61" count="1" type="cond" truecount="1" falsecount="1"/>
      <line num="62" count="0" type="stmt"/>
      <line num="63" count="0" type="stmt"/>
      <line num="64" count="0" type="stmt"/>
      <line num="68" count="1" type="stmt"/>
    </file>
  </project>
</coverage>
