{"/Users/kevin/Desktop/UNT Fall 2025 - Spring 2026/UNT Spring 2026/CSCE 3550 - Foundations in Cybersecurity/3550_project_1_rehash/keygen.js": {"path":"/Users/kevin/Desktop/UNT Fall 2025 - Spring 2026/UNT Spring 2026/CSCE 3550 - Foundations in Cybersecurity/3550_project_1_rehash/keygen.js","statementMap":{"0":{"start":{"line":1,"column":15},"end":{"line":1,"column":32}},"1":{"start":{"line":2,"column":11},"end":{"line":2,"column":13}},"2":{"start":{"line":5,"column":38},"end":{"line":7,"column":6}},"3":{"start":{"line":9,"column":12},"end":{"line":9,"column":50}},"4":{"start":{"line":14,"column":0},"end":{"line":18,"column":1}},"5":{"start":{"line":15,"column":4},"end":{"line":15,"column":34}},"6":{"start":{"line":17,"column":4},"end":{"line":17,"column":34}},"7":{"start":{"line":20,"column":18},"end":{"line":25,"column":1}},"8":{"start":{"line":27,"column":0},"end":{"line":27,"column":21}},"9":{"start":{"line":29,"column":0},"end":{"line":29,"column":17}},"10":{"start":{"line":32,"column":0},"end":{"line":32,"column":23}},"11":{"start":{"line":33,"column":0},"end":{"line":33,"column":22}},"12":{"start":{"line":36,"column":16},"end":{"line":36,"column":26}},"13":{"start":{"line":37,"column":4},"end":{"line":37,"column":50}},"14":{"start":{"line":37,"column":32},"end":{"line":37,"column":48}},"15":{"start":{"line":40,"column":16},"end":{"line":40,"column":26}},"16":{"start":{"line":41,"column":4},"end":{"line":41,"column":50}},"17":{"start":{"line":41,"column":32},"end":{"line":41,"column":48}},"18":{"start":{"line":44,"column":0},"end":{"line":47,"column":2}}},"fnMap":{"0":{"name":"generateKeyPair","decl":{"start":{"line":4,"column":9},"end":{"line":4,"column":24}},"loc":{"start":{"line":4,"column":41},"end":{"line":30,"column":1}},"line":4},"1":{"name":"getValid","decl":{"start":{"line":35,"column":9},"end":{"line":35,"column":17}},"loc":{"start":{"line":35,"column":20},"end":{"line":38,"column":1}},"line":35},"2":{"name":"(anonymous_2)","decl":{"start":{"line":37,"column":23},"end":{"line":37,"column":24}},"loc":{"start":{"line":37,"column":32},"end":{"line":37,"column":48}},"line":37},"3":{"name":"getExpired","decl":{"start":{"line":39,"column":9},"end":{"line":39,"column":19}},"loc":{"start":{"line":39,"column":21},"end":{"line":42,"column":1}},"line":39},"4":{"name":"(anonymous_4)","decl":{"start":{"line":41,"column":23},"end":{"line":41,"column":24}},"loc":{"start":{"line":41,"column":32},"end":{"line":41,"column":48}},"line":41}},"branchMap":{"0":{"loc":{"start":{"line":4,"column":25},"end":{"line":4,"column":40}},"type":"default-arg","locations":[{"start":{"line":4,"column":35},"end":{"line":4,"column":40}}],"line":4},"1":{"loc":{"start":{"line":14,"column":0},"end":{"line":18,"column":1}},"type":"if","locations":[{"start":{"line":14,"column":0},"end":{"line":18,"column":1}},{"start":{"line":16,"column":7},"end":{"line":18,"column":1}}],"line":14}},"s":{"0":1,"1":1,"2":2,"3":2,"4":2,"5":1,"6":1,"7":2,"8":2,"9":2,"10":1,"11":1,"12":2,"13":2,"14":4,"15":1,"16":1,"17":2,"18":1},"f":{"0":2,"1":2,"2":4,"3":1,"4":2},"b":{"0":[0],"1":[1,1]},"_coverageSchema":"1a1c01bbd47fc00a2c39e90264f33305004495a9","hash":"548bbfe0592c6686bd5f07b5459854038aee7d63"}
,"/Users/kevin/Desktop/UNT Fall 2025 - Spring 2026/UNT Spring 2026/CSCE 3550 - Foundations in Cybersecurity/3550_project_1_rehash/server.js": {"path":"/Users/kevin/Desktop/UNT Fall 2025 - Spring 2026/UNT Spring 2026/CSCE 3550 - Foundations in Cybersecurity/3550_project_1_rehash/server.js","statementMap":{"0":{"start":{"line":1,"column":16},"end":{"line":1,"column":34}},"1":{"start":{"line":2,"column":12},"end":{"line":2,"column":21}},"2":{"start":{"line":3,"column":13},"end":{"line":3,"column":17}},"3":{"start":{"line":5,"column":12},"end":{"line":5,"column":35}},"4":{"start":{"line":6,"column":33},"end":{"line":6,"column":53}},"5":{"start":{"line":8,"column":0},"end":{"line":8,"column":24}},"6":{"start":{"line":10,"column":0},"end":{"line":31,"column":3}},"7":{"start":{"line":12,"column":22},"end":{"line":12,"column":32}},"8":{"start":{"line":14,"column":17},"end":{"line":28,"column":5}},"9":{"start":{"line":17,"column":20},"end":{"line":17,"column":57}},"10":{"start":{"line":19,"column":8},"end":{"line":26,"column":10}},"11":{"start":{"line":30,"column":4},"end":{"line":30,"column":19}},"12":{"start":{"line":34,"column":0},"end":{"line":59,"column":3}},"13":{"start":{"line":35,"column":24},"end":{"line":35,"column":52}},"14":{"start":{"line":38,"column":4},"end":{"line":42,"column":5}},"15":{"start":{"line":39,"column":8},"end":{"line":39,"column":28}},"16":{"start":{"line":41,"column":8},"end":{"line":41,"column":26}},"17":{"start":{"line":43,"column":16},"end":{"line":43,"column":23}},"18":{"start":{"line":44,"column":4},"end":{"line":46,"column":5}},"19":{"start":{"line":45,"column":8},"end":{"line":45,"column":64}},"20":{"start":{"line":48,"column":20},"end":{"line":52,"column":5}},"21":{"start":{"line":54,"column":18},"end":{"line":57,"column":6}},"22":{"start":{"line":58,"column":4},"end":{"line":58,"column":22}},"23":{"start":{"line":61,"column":0},"end":{"line":66,"column":1}},"24":{"start":{"line":62,"column":4},"end":{"line":65,"column":3}},"25":{"start":{"line":63,"column":4},"end":{"line":63,"column":59}},"26":{"start":{"line":64,"column":4},"end":{"line":64,"column":39}},"27":{"start":{"line":68,"column":0},"end":{"line":68,"column":21}}},"fnMap":{"0":{"name":"(anonymous_0)","decl":{"start":{"line":10,"column":34},"end":{"line":10,"column":35}},"loc":{"start":{"line":10,"column":48},"end":{"line":31,"column":1}},"line":10},"1":{"name":"(anonymous_1)","decl":{"start":{"line":15,"column":28},"end":{"line":15,"column":29}},"loc":{"start":{"line":15,"column":37},"end":{"line":27,"column":5}},"line":15},"2":{"name":"(anonymous_2)","decl":{"start":{"line":34,"column":18},"end":{"line":34,"column":19}},"loc":{"start":{"line":34,"column":32},"end":{"line":59,"column":1}},"line":34},"3":{"name":"(anonymous_3)","decl":{"start":{"line":62,"column":21},"end":{"line":62,"column":22}},"loc":{"start":{"line":62,"column":26},"end":{"line":65,"column":1}},"line":62}},"branchMap":{"0":{"loc":{"start":{"line":38,"column":4},"end":{"line":42,"column":5}},"type":"if","locations":[{"start":{"line":38,"column":4},"end":{"line":42,"column":5}},{"start":{"line":40,"column":11},"end":{"line":42,"column":5}}],"line":38},"1":{"loc":{"start":{"line":44,"column":4},"end":{"line":46,"column":5}},"type":"if","locations":[{"start":{"line":44,"column":4},"end":{"line":46,"column":5}},{"start":{},"end":{}}],"line":44},"2":{"loc":{"start":{"line":61,"column":0},"end":{"line":66,"column":1}},"type":"if","locations":[{"start":{"line":61,"column":0},"end":{"line":66,"column":1}},{"start":{},"end":{}}],"line":61}},"s":{"0":1,"1":1,"2":1,"3":1,"4":1,"5":1,"6":1,"7":1,"8":1,"9":1,"10":1,"11":1,"12":1,"13":2,"14":2,"15":1,"16":1,"17":2,"18":2,"19":0,"20":2,"21":2,"22":2,"23":1,"24":0,"25":0,"26":0,"27":1},"f":{"0":1,"1":1,"2":2,"3":0},"b":{"0":[1,1],"1":[0,2],"2":[0,1]},"_coverageSchema":"1a1c01bbd47fc00a2c39e90264f33305004495a9","hash":"001f66d6355aca102a5d4cdc89c2735066b0552a"}
}
