TN:
SF:keygen.js
FN:4,generateKeyPair
FN:35,getValid
FN:37,(anonymous_2)
FN:39,getExpired
FN:41,(anonymous_4)
FNF:5
FNH:5
FNDA:2,generateKeyPair
FNDA:2,getValid
FNDA:4,(anonymous_2)
FNDA:1,getExpired
FNDA:2,(anonymous_4)
DA:1,1
DA:2,1
DA:5,2
DA:9,2
DA:14,2
DA:15,1
DA:17,1
DA:20,2
DA:27,2
DA:29,2
DA:32,1
DA:33,1
DA:36,2
DA:37,4
DA:40,1
DA:41,2
DA:44,1
LF:17
LH:17
BRDA:4,0,0,0
BRDA:14,1,0,1
BRDA:14,1,1,1
BRF:3
BRH:2
end_of_record
TN:
SF:server.js
FN:10,(anonymous_0)
FN:15,(anonymous_1)
FN:34,(anonymous_2)
FN:62,(anonymous_3)
FNF:4
FNH:3
FNDA:1,(anonymous_0)
FNDA:1,(anonymous_1)
FNDA:2,(anonymous_2)
FNDA:0,(anonymous_3)
DA:1,1
DA:2,1
DA:3,1
DA:5,1
DA:6,1
DA:8,1
DA:10,1
DA:12,1
DA:14,1
DA:17,1
DA:19,1
DA:30,1
DA:34,1
DA:35,2
DA:38,2
DA:39,1
DA:41,1
DA:43,2
DA:44,2
DA:45,0
DA:48,2
DA:54,2
DA:58,2
DA:61,1
DA:62,0
DA:63,0
DA:64,0
DA:68,1
LF:28
LH:24
BRDA:38,0,0,1
BRDA:38,0,1,1
BRDA:44,1,0,0
BRDA:44,1,1,2
BRDA:61,2,0,0
BRDA:61,2,1,1
BRF:6
BRH:4
end_of_record
